Print level:                1
The number of threads used for parallelism:      1
The spheric-GTO basis set is taken from /home/igor/Documents/Package-Pool/Rust/rest/basis-set-pool/cc-pVQZ
ERI Type: ri_v
The spheric-GTO auxiliary basis set is taken from /home/igor/Documents/Package-Pool/Rust/rest/basis-set-pool/def2-SVP-JKFIT
The exchange-correlation method: x3lyp
Charge:   0; Spin:   1
Spin polarization: Off
min_num_angular_points: 302
max_num_angular_points: 770
hardness: 3
SCF convergency thresholds: 1e-5 for density matrix
                            1e-5 Ha. for sum of eigenvalues
                            1e-8 Ha. for total energy
Max. SCF cycle number:      100
The diis mixing with (param, max_vec_len) = (0.8, 8) is employed for the SCF procedure
Turn on the diis mixing after 1 step(s) of SCF iteractions with the linear mixing
WARNING: The specified external initial guess file (guessfile) is missing 
(init_guess.chk.0). 
 The external initial guess will not be imported.

The specified checkfile exists but is not loaded because of 'external_init_guess
It will be updated after the SCF procedure 
(none)
It is a cluster calculation for finite molecules
nbas: 17, natm: 4 for standard basis sets
The density functional 'X3LYP' belongs to the 'Hybrid GGA' family and is defined in the reference(s):
(0): X. Xu and W. A. Goddard, Proc. Natl. Acad. Sci. U. S. A. 101, 2673 (2004)
Libxc version used in REST: 5.2.3
Nuc_energy: 11.847923728239245
The evaluation of 2D-tensors spends             0.00 seconds
num_basis: 145,num_auxbas: 131
final nbas: 60,final natm: 8
The evaluation of 3D-tensors spends             0.09 seconds
Overlap matrix is nonsigular:
  Lowest eigenvalue:       0.00018048 with the total number of basis functions:    145
Restricted Hartree-Fock (or Kohn-Sham) algorithm is invoked.
Read grids from the external file: grids-qz
Size of imported grids: 36396
total electron number:       9.99999978
The total energy:       -41.0830764272 Ha by the initial guess
total electron number:       9.99979884
diis-norm :      16.00812750
Energy:     -48.7730408064 Ha after    1 iterations (in       0.55 seconds).
total electron number:       9.99999986
diis-norm :      16.57858419
SCF Change: DM 8.73928e-2; eev  1.24746e1 Ha; etot -1.96229e0 Ha
Energy:     -50.7353328844 Ha after    2 iterations (in       0.46 seconds).
total electron number:       9.99999766
diis-norm :       2.79942508
SCF Change: DM 6.10281e-3; eev  3.54518e0 Ha; etot -5.73157e0 Ha
Energy:     -56.4669042242 Ha after    3 iterations (in       0.38 seconds).
total electron number:       9.99999585
diis-norm :       2.08830755
SCF Change: DM 3.90059e-3; eev 6.10373e-1 Ha; etot -4.58702e-2 Ha
Energy:     -56.5127744543 Ha after    4 iterations (in       0.34 seconds).
total electron number:       9.99999449
diis-norm :       0.86568009
SCF Change: DM 1.70468e-3; eev 2.70715e-1 Ha; etot -4.10994e-2 Ha
Energy:     -56.5538738999 Ha after    5 iterations (in       0.34 seconds).
total electron number:       9.99999385
diis-norm :       0.19947463
SCF Change: DM 4.88240e-4; eev 5.59245e-2 Ha; etot -7.67217e-3 Ha
Energy:     -56.5615460704 Ha after    6 iterations (in       0.36 seconds).
total electron number:       9.99999368
diis-norm :       0.02065115
SCF Change: DM 4.57885e-5; eev 4.20120e-3 Ha; etot -4.30111e-4 Ha
Energy:     -56.5619761814 Ha after    7 iterations (in       0.34 seconds).
total electron number:       9.99999367
diis-norm :       0.00243784
SCF Change: DM 7.44326e-6; eev 7.47804e-4 Ha; etot -4.38538e-6 Ha
Energy:     -56.5619805668 Ha after    8 iterations (in       0.35 seconds).
total electron number:       9.99999367
diis-norm :       0.00024145
SCF Change: DM 9.57840e-7; eev 1.26711e-4 Ha; etot -5.74271e-8 Ha
Energy:     -56.5619806242 Ha after    9 iterations (in       0.34 seconds).
total electron number:       9.99999367
diis-norm :       0.00001010
SCF Change: DM 3.96296e-8; eev 2.12337e-6 Ha; etot -5.75341e-10 Ha
Energy:     -56.5619806248 Ha after   10 iterations (in       0.35 seconds).
SCF is converged after   10 iterations.
the job spends             8.52 seconds
